[2024-03-04 21:25:34Z INFO HostContext] No proxy settings were found based on environmental variables (http_proxy/https_proxy/HTTP_PROXY/HTTPS_PROXY)
[2024-03-04 21:25:34Z INFO HostContext] Well known directory 'Bin': '/home/quaelek/Desktop/actions-runner/bin'
[2024-03-04 21:25:34Z INFO HostContext] Well known directory 'Root': '/home/quaelek/Desktop/actions-runner'
[2024-03-04 21:25:34Z INFO HostContext] Well known config file 'Credentials': '/home/quaelek/Desktop/actions-runner/.credentials'
[2024-03-04 21:25:34Z INFO HostContext] Well known directory 'Bin': '/home/quaelek/Desktop/actions-runner/bin'
[2024-03-04 21:25:34Z INFO HostContext] Well known directory 'Root': '/home/quaelek/Desktop/actions-runner'
[2024-03-04 21:25:34Z INFO HostContext] Well known config file 'Runner': '/home/quaelek/Desktop/actions-runner/.runner'
[2024-03-04 21:25:34Z INFO Listener] Runner is built for Linux (X64) - linux-x64.
[2024-03-04 21:25:34Z INFO Listener] RuntimeInformation: Linux 5.15.0-97-generic #107~20.04.1-Ubuntu SMP Fri Feb 9 14:20:11 UTC 2024.
[2024-03-04 21:25:34Z INFO Listener] Version: 2.313.0
[2024-03-04 21:25:34Z INFO Listener] Commit: d502c4623e5cd140e949f1e644ffe03762bd4151
[2024-03-04 21:25:34Z INFO Listener] Culture: en-US
[2024-03-04 21:25:34Z INFO Listener] UI Culture: en-US
[2024-03-04 21:25:34Z INFO HostContext] Well known directory 'Bin': '/home/quaelek/Desktop/actions-runner/bin'
[2024-03-04 21:25:34Z INFO HostContext] Well known directory 'Root': '/home/quaelek/Desktop/actions-runner'
[2024-03-04 21:25:34Z INFO Listener] Validating directory permissions for: '/home/quaelek/Desktop/actions-runner'
[2024-03-04 21:25:34Z INFO CommandLineParser] Parse
[2024-03-04 21:25:34Z INFO CommandLineParser] Parsing 5 args
[2024-03-04 21:25:34Z INFO CommandLineParser] parsing argument
[2024-03-04 21:25:34Z INFO CommandLineParser] HasArgs: False
[2024-03-04 21:25:34Z INFO CommandLineParser] Adding Command: configure
[2024-03-04 21:25:34Z INFO CommandLineParser] parsing argument
[2024-03-04 21:25:34Z INFO CommandLineParser] HasArgs: True
[2024-03-04 21:25:34Z INFO CommandLineParser] arg: url
[2024-03-04 21:25:34Z INFO CommandLineParser] parsing argument
[2024-03-04 21:25:34Z INFO CommandLineParser] HasArgs: True
[2024-03-04 21:25:34Z INFO CommandLineParser] Adding option 'url': 'https://github.com/cu-ecen-aeld/assignment-1-quaelek'
[2024-03-04 21:25:34Z INFO CommandLineParser] parsing argument
[2024-03-04 21:25:34Z INFO CommandLineParser] HasArgs: True
[2024-03-04 21:25:34Z INFO CommandLineParser] arg: token
[2024-03-04 21:25:34Z INFO CommandLineParser] parsing argument
[2024-03-04 21:25:34Z INFO CommandLineParser] HasArgs: True
[2024-03-04 21:25:34Z INFO CommandLineParser] Adding option 'token': '***'
[2024-03-04 21:25:34Z INFO Listener] Arguments parsed
[2024-03-04 21:25:34Z INFO Runner] ExecuteCommand
[2024-03-04 21:25:34Z INFO ConfigurationStore] currentAssemblyLocation: /home/quaelek/Desktop/actions-runner/bin/Runner.Listener.dll
[2024-03-04 21:25:34Z INFO HostContext] Well known directory 'Bin': '/home/quaelek/Desktop/actions-runner/bin'
[2024-03-04 21:25:34Z INFO ConfigurationStore] binPath: /home/quaelek/Desktop/actions-runner/bin
[2024-03-04 21:25:34Z INFO HostContext] Well known directory 'Bin': '/home/quaelek/Desktop/actions-runner/bin'
[2024-03-04 21:25:34Z INFO HostContext] Well known directory 'Root': '/home/quaelek/Desktop/actions-runner'
[2024-03-04 21:25:34Z INFO ConfigurationStore] RootFolder: /home/quaelek/Desktop/actions-runner
[2024-03-04 21:25:34Z INFO HostContext] Well known directory 'Bin': '/home/quaelek/Desktop/actions-runner/bin'
[2024-03-04 21:25:34Z INFO HostContext] Well known directory 'Root': '/home/quaelek/Desktop/actions-runner'
[2024-03-04 21:25:34Z INFO HostContext] Well known config file 'Runner': '/home/quaelek/Desktop/actions-runner/.runner'
[2024-03-04 21:25:34Z INFO ConfigurationStore] ConfigFilePath: /home/quaelek/Desktop/actions-runner/.runner
[2024-03-04 21:25:34Z INFO HostContext] Well known directory 'Bin': '/home/quaelek/Desktop/actions-runner/bin'
[2024-03-04 21:25:34Z INFO HostContext] Well known directory 'Root': '/home/quaelek/Desktop/actions-runner'
[2024-03-04 21:25:34Z INFO HostContext] Well known config file 'Credentials': '/home/quaelek/Desktop/actions-runner/.credentials'
[2024-03-04 21:25:34Z INFO ConfigurationStore] CredFilePath: /home/quaelek/Desktop/actions-runner/.credentials
[2024-03-04 21:25:34Z INFO HostContext] Well known directory 'Bin': '/home/quaelek/Desktop/actions-runner/bin'
[2024-03-04 21:25:34Z INFO HostContext] Well known directory 'Root': '/home/quaelek/Desktop/actions-runner'
[2024-03-04 21:25:34Z INFO HostContext] Well known config file 'MigratedCredentials': '/home/quaelek/Desktop/actions-runner/.credentials_migrated'
[2024-03-04 21:25:34Z INFO ConfigurationStore] MigratedCredFilePath: /home/quaelek/Desktop/actions-runner/.credentials_migrated
[2024-03-04 21:25:34Z INFO HostContext] Well known directory 'Bin': '/home/quaelek/Desktop/actions-runner/bin'
[2024-03-04 21:25:34Z INFO HostContext] Well known directory 'Root': '/home/quaelek/Desktop/actions-runner'
[2024-03-04 21:25:34Z INFO HostContext] Well known config file 'Service': '/home/quaelek/Desktop/actions-runner/.service'
[2024-03-04 21:25:34Z INFO ConfigurationStore] ServiceConfigFilePath: /home/quaelek/Desktop/actions-runner/.service
[2024-03-04 21:25:34Z INFO CommandSettings] Flag 'help': 'False'
[2024-03-04 21:25:34Z INFO CommandSettings] Flag 'version': 'False'
[2024-03-04 21:25:34Z INFO CommandSettings] Flag 'commit': 'False'
[2024-03-04 21:25:34Z INFO CommandSettings] Flag 'check': 'False'
[2024-03-04 21:25:34Z INFO CommandSettings] Command 'configure': 'True'
[2024-03-04 21:25:34Z INFO Terminal] WRITE LINE: 
[2024-03-04 21:25:34Z INFO Terminal] WRITE LINE: --------------------------------------------------------------------------------
[2024-03-04 21:25:34Z INFO Terminal] WRITE LINE: |        ____ _ _   _   _       _          _        _   _                      |
[2024-03-04 21:25:34Z INFO Terminal] WRITE LINE: |       / ___(_) |_| | | |_   _| |__      / \   ___| |_(_) ___  _ __  ___      |
[2024-03-04 21:25:34Z INFO Terminal] WRITE LINE: |      | |  _| | __| |_| | | | | '_ \    / _ \ / __| __| |/ _ \| '_ \/ __|     |
[2024-03-04 21:25:34Z INFO Terminal] WRITE LINE: |      | |_| | | |_|  _  | |_| | |_) |  / ___ \ (__| |_| | (_) | | | \__ \     |
[2024-03-04 21:25:34Z INFO Terminal] WRITE LINE: |       \____|_|\__|_| |_|\__,_|_.__/  /_/   \_\___|\__|_|\___/|_| |_|___/     |
[2024-03-04 21:25:34Z INFO Terminal] WRITE LINE: |                                                                              |
[2024-03-04 21:25:34Z INFO Terminal] WRITE: |                       
[2024-03-04 21:25:34Z INFO Terminal] WRITE: Self-hosted runner registration
[2024-03-04 21:25:34Z INFO Terminal] WRITE LINE:                         |
[2024-03-04 21:25:34Z INFO Terminal] WRITE LINE: |                                                                              |
[2024-03-04 21:25:34Z INFO Terminal] WRITE LINE: --------------------------------------------------------------------------------
[2024-03-04 21:25:34Z INFO ConfigurationManager] ConfigureAsync
[2024-03-04 21:25:34Z INFO CommandSettings] Flag 'generateServiceConfig': 'False'
[2024-03-04 21:25:34Z INFO ConfigurationStore] IsConfigured()
[2024-03-04 21:25:34Z INFO ConfigurationStore] IsConfigured: False
[2024-03-04 21:25:34Z INFO ConfigurationManager] Is configured: False
[2024-03-04 21:25:34Z INFO CommandSettings] Arg 'url': 'https://github.com/cu-ecen-aeld/assignment-1-quaelek'
[2024-03-04 21:25:34Z INFO CommandSettings] Remove url from Arg dictionary.
[2024-03-04 21:25:34Z INFO CommandSettings] Arg 'token': '***'
[2024-03-04 21:25:34Z INFO CommandSettings] Remove token from Arg dictionary.
[2024-03-04 21:25:34Z INFO ConfigurationManager] Http response code: OK from 'POST https://api.github.com/actions/runner-registration' (DCF7:98F8:4319AC1:859A137:65E63C4E)
[2024-03-04 21:25:34Z INFO ConfigurationManager] Using V2 flow: False
[2024-03-04 21:25:34Z INFO ConfigurationManager] cred retrieved via GitHub auth
[2024-03-04 21:25:34Z INFO RunnerServer] EstablishVssConnection
[2024-03-04 21:25:34Z INFO RunnerServer] Establish connection with 100 seconds timeout.
[2024-03-04 21:25:35Z INFO GitHubActionsService] Starting operation Location.GetConnectionData
[2024-03-04 21:25:35Z INFO RunnerServer] EstablishVssConnection
[2024-03-04 21:25:35Z INFO RunnerServer] Establish connection with 60 seconds timeout.
[2024-03-04 21:25:35Z INFO GitHubActionsService] Starting operation Location.GetConnectionData
[2024-03-04 21:25:35Z INFO RunnerServer] EstablishVssConnection
[2024-03-04 21:25:35Z INFO RunnerServer] Establish connection with 60 seconds timeout.
[2024-03-04 21:25:35Z INFO GitHubActionsService] Starting operation Location.GetConnectionData
[2024-03-04 21:25:35Z INFO GitHubActionsService] Finished operation Location.GetConnectionData
[2024-03-04 21:25:35Z INFO GitHubActionsService] Finished operation Location.GetConnectionData
[2024-03-04 21:25:35Z INFO GitHubActionsService] Finished operation Location.GetConnectionData
[2024-03-04 21:25:35Z INFO Terminal] WRITE LINE: 
[2024-03-04 21:25:35Z INFO ConfigurationManager] Test Connection complete.
[2024-03-04 21:25:35Z INFO HostContext] Well known directory 'Bin': '/home/quaelek/Desktop/actions-runner/bin'
[2024-03-04 21:25:35Z INFO HostContext] Well known directory 'Root': '/home/quaelek/Desktop/actions-runner'
[2024-03-04 21:25:35Z INFO HostContext] Well known config file 'RSACredentials': '/home/quaelek/Desktop/actions-runner/.credentials_rsaparams'
[2024-03-04 21:25:35Z INFO RSAFileKeyManager] Creating new RSA key using 2048-bit key length
[2024-03-04 21:25:35Z INFO RSAFileKeyManager] Successfully saved RSA key parameters to file /home/quaelek/Desktop/actions-runner/.credentials_rsaparams
[2024-03-04 21:25:35Z INFO RSAFileKeyManager] Which: 'chmod'
[2024-03-04 21:25:35Z INFO RSAFileKeyManager] Location: '/usr/bin/chmod'
[2024-03-04 21:25:35Z INFO HostContext] Well known directory 'Bin': '/home/quaelek/Desktop/actions-runner/bin'
[2024-03-04 21:25:35Z INFO HostContext] Well known directory 'Root': '/home/quaelek/Desktop/actions-runner'
[2024-03-04 21:25:35Z INFO ProcessInvokerWrapper] Starting process:
[2024-03-04 21:25:35Z INFO ProcessInvokerWrapper]   File name: '/usr/bin/chmod'
[2024-03-04 21:25:35Z INFO ProcessInvokerWrapper]   Arguments: '600 /home/quaelek/Desktop/actions-runner/.credentials_rsaparams'
[2024-03-04 21:25:35Z INFO ProcessInvokerWrapper]   Working directory: '/home/quaelek/Desktop/actions-runner'
[2024-03-04 21:25:35Z INFO ProcessInvokerWrapper]   Require exit code zero: 'False'
[2024-03-04 21:25:35Z INFO ProcessInvokerWrapper]   Encoding web name:  ; code page: ''
[2024-03-04 21:25:35Z INFO ProcessInvokerWrapper]   Force kill process on cancellation: 'False'
[2024-03-04 21:25:35Z INFO ProcessInvokerWrapper]   Redirected STDIN: 'False'
[2024-03-04 21:25:35Z INFO ProcessInvokerWrapper]   Persist current code page: 'False'
[2024-03-04 21:25:35Z INFO ProcessInvokerWrapper]   Keep redirected STDIN open: 'False'
[2024-03-04 21:25:35Z INFO ProcessInvokerWrapper]   High priority process: 'False'
[2024-03-04 21:25:35Z INFO ProcessInvokerWrapper] STDOUT/STDERR stream read finished.
[2024-03-04 21:25:35Z INFO ProcessInvokerWrapper] STDOUT/STDERR stream read finished.
[2024-03-04 21:25:35Z INFO ProcessInvokerWrapper] Process started with process id 4695, waiting for process exit.
[2024-03-04 21:25:35Z INFO ProcessInvokerWrapper] Finished process 4695 with exit code 0, and elapsed time 00:00:00.0046659.
[2024-03-04 21:25:35Z INFO RSAFileKeyManager] Successfully set permissions for RSA key parameters file /home/quaelek/Desktop/actions-runner/.credentials_rsaparams
[2024-03-04 21:25:35Z INFO CommandSettings] Arg 'runnergroup': ''
[2024-03-04 21:25:35Z INFO CommandSettings] Flag 'unattended': 'False'
[2024-03-04 21:25:35Z INFO PromptManager] ReadValue
[2024-03-04 21:25:35Z INFO Terminal] WRITE: Enter the name of the runner group to add this runner to: 
[2024-03-04 21:25:35Z INFO Terminal] WRITE: [press Enter for Default] 
[2024-03-04 21:25:35Z INFO Terminal] READ LINE
[2024-03-04 21:25:42Z INFO Terminal] Read value: ''
[2024-03-04 21:25:42Z INFO PromptManager] Falling back to the default: 'Default'
[2024-03-04 21:25:42Z INFO Terminal] WRITE LINE: 
[2024-03-04 21:25:42Z INFO ConfigurationManager] Found a self-hosted runner group with id 1 and name Default
[2024-03-04 21:25:42Z INFO CommandSettings] Flag 'disableupdate': 'False'
[2024-03-04 21:25:42Z INFO CommandSettings] Flag 'ephemeral': 'False'
[2024-03-04 21:25:42Z INFO CommandSettings] Arg 'name': ''
[2024-03-04 21:25:42Z INFO CommandSettings] Flag 'unattended': 'False'
[2024-03-04 21:25:42Z INFO PromptManager] ReadValue
[2024-03-04 21:25:42Z INFO Terminal] WRITE: Enter the name of runner: 
[2024-03-04 21:25:42Z INFO Terminal] WRITE: [press Enter for Ubuntu] 
[2024-03-04 21:25:42Z INFO Terminal] READ LINE
[2024-03-04 21:25:44Z INFO Terminal] Read value: ''
[2024-03-04 21:25:44Z INFO PromptManager] Falling back to the default: 'Ubuntu'
[2024-03-04 21:25:44Z INFO Terminal] WRITE LINE: 
[2024-03-04 21:25:44Z INFO CommandSettings] Arg 'labels': ''
[2024-03-04 21:25:44Z INFO CommandSettings] Flag 'unattended': 'False'
[2024-03-04 21:25:44Z INFO PromptManager] ReadValue
[2024-03-04 21:25:44Z INFO Terminal] WRITE: This runner will have the following labels: 'self-hosted', 'Linux', 'X64' 
Enter any additional labels (ex. label-1,label-2): 
[2024-03-04 21:25:44Z INFO Terminal] WRITE: [press Enter to skip] 
[2024-03-04 21:25:44Z INFO Terminal] READ LINE
[2024-03-04 21:25:46Z INFO Terminal] Read value: ''
[2024-03-04 21:25:46Z INFO Terminal] WRITE LINE: 
[2024-03-04 21:25:46Z INFO CommandSettings] Flag 'disableupdate': 'False'
[2024-03-04 21:25:46Z INFO CommandSettings] Flag 'no-default-labels': 'False'
[2024-03-04 21:25:46Z INFO CommandSettings] Flag 'disableupdate': 'False'
[2024-03-04 21:25:46Z INFO CommandSettings] Flag 'ephemeral': 'False'
[2024-03-04 21:25:46Z INFO ConfigurationStore] Saving OAuth credential @ /home/quaelek/Desktop/actions-runner/.credentials
[2024-03-04 21:25:46Z INFO ConfigurationStore] Credentials Saved.
[2024-03-04 21:25:46Z INFO ConfigurationStore] HasCredentials()
[2024-03-04 21:25:46Z INFO ConfigurationStore] stored True
[2024-03-04 21:25:46Z INFO CredentialManager] GetCredentialProvider
[2024-03-04 21:25:46Z INFO CredentialManager] Creating type OAuth
[2024-03-04 21:25:46Z INFO CredentialManager] Creating credential type: OAuth
[2024-03-04 21:25:46Z INFO RSAFileKeyManager] Loading RSA key parameters from file /home/quaelek/Desktop/actions-runner/.credentials_rsaparams
[2024-03-04 21:25:46Z INFO RunnerServer] EstablishVssConnection
[2024-03-04 21:25:46Z INFO RunnerServer] Establish connection with 100 seconds timeout.
[2024-03-04 21:25:46Z INFO GitHubActionsService] Starting operation Location.GetConnectionData
[2024-03-04 21:25:46Z INFO RunnerServer] EstablishVssConnection
[2024-03-04 21:25:46Z INFO RunnerServer] Establish connection with 60 seconds timeout.
[2024-03-04 21:25:46Z INFO GitHubActionsService] Starting operation Location.GetConnectionData
[2024-03-04 21:25:46Z INFO RunnerServer] EstablishVssConnection
[2024-03-04 21:25:46Z INFO RunnerServer] Establish connection with 60 seconds timeout.
[2024-03-04 21:25:46Z INFO GitHubActionsService] Starting operation Location.GetConnectionData
[2024-03-04 21:25:47Z INFO GitHubActionsService] Finished operation Location.GetConnectionData
[2024-03-04 21:25:47Z INFO GitHubActionsService] Finished operation Location.GetConnectionData
[2024-03-04 21:25:47Z INFO GitHubActionsService] Finished operation Location.GetConnectionData
[2024-03-04 21:25:47Z INFO RSAFileKeyManager] Loading RSA key parameters from file /home/quaelek/Desktop/actions-runner/.credentials_rsaparams
[2024-03-04 21:25:47Z INFO RSAFileKeyManager] Loading RSA key parameters from file /home/quaelek/Desktop/actions-runner/.credentials_rsaparams
[2024-03-04 21:25:47Z INFO GitHubActionsService] AAD Correlation ID for this token request: Unknown
[2024-03-04 21:25:47Z INFO CommandSettings] Arg 'work': ''
[2024-03-04 21:25:47Z INFO CommandSettings] Flag 'unattended': 'False'
[2024-03-04 21:25:47Z INFO PromptManager] ReadValue
[2024-03-04 21:25:47Z INFO Terminal] WRITE: Enter name of work folder: 
[2024-03-04 21:25:47Z INFO Terminal] WRITE: [press Enter for _work] 
[2024-03-04 21:25:47Z INFO Terminal] READ LINE
[2024-03-04 21:25:49Z INFO Terminal] Read value: ''
[2024-03-04 21:25:49Z INFO PromptManager] Falling back to the default: '_work'
[2024-03-04 21:25:49Z INFO ConfigurationStore] Saving runner settings.
[2024-03-04 21:25:49Z INFO ConfigurationStore] Settings Saved.
[2024-03-04 21:25:49Z INFO Terminal] WRITE LINE: 
[2024-03-04 21:25:49Z INFO Terminal] WRITE LINE: 
[2024-03-04 21:25:49Z INFO SystemDControlManager] Service name 'actions.runner.cu-ecen-aeld-assignment-1-quaelek.Ubuntu.service' display name 'GitHub Actions Runner (cu-ecen-aeld-assignment-1-quaelek.Ubuntu)' will be used for service configuration.
[2024-03-04 21:25:49Z INFO HostContext] Well known directory 'Bin': '/home/quaelek/Desktop/actions-runner/bin'
[2024-03-04 21:25:49Z INFO HostContext] Well known directory 'Root': '/home/quaelek/Desktop/actions-runner'
[2024-03-04 21:25:49Z INFO HostContext] Well known directory 'Bin': '/home/quaelek/Desktop/actions-runner/bin'
[2024-03-04 21:25:49Z INFO HostContext] Well known directory 'Bin': '/home/quaelek/Desktop/actions-runner/bin'
[2024-03-04 21:25:49Z INFO HostContext] Well known directory 'Root': '/home/quaelek/Desktop/actions-runner'
[2024-03-04 21:25:49Z INFO UnixUtil] Which: 'chmod'
[2024-03-04 21:25:49Z INFO UnixUtil] Location: '/usr/bin/chmod'
[2024-03-04 21:25:49Z INFO UnixUtil] Running /usr/bin/chmod 755 "/home/quaelek/Desktop/actions-runner/svc.sh"
[2024-03-04 21:25:49Z INFO ProcessInvokerWrapper] Starting process:
[2024-03-04 21:25:49Z INFO ProcessInvokerWrapper]   File name: '/usr/bin/chmod'
[2024-03-04 21:25:49Z INFO ProcessInvokerWrapper]   Arguments: '755 "/home/quaelek/Desktop/actions-runner/svc.sh"'
[2024-03-04 21:25:49Z INFO ProcessInvokerWrapper]   Working directory: '/home/quaelek/Desktop/actions-runner'
[2024-03-04 21:25:49Z INFO ProcessInvokerWrapper]   Require exit code zero: 'True'
[2024-03-04 21:25:49Z INFO ProcessInvokerWrapper]   Encoding web name:  ; code page: ''
[2024-03-04 21:25:49Z INFO ProcessInvokerWrapper]   Force kill process on cancellation: 'False'
[2024-03-04 21:25:49Z INFO ProcessInvokerWrapper]   Redirected STDIN: 'False'
[2024-03-04 21:25:49Z INFO ProcessInvokerWrapper]   Persist current code page: 'False'
[2024-03-04 21:25:49Z INFO ProcessInvokerWrapper]   Keep redirected STDIN open: 'False'
[2024-03-04 21:25:49Z INFO ProcessInvokerWrapper]   High priority process: 'False'
[2024-03-04 21:25:49Z INFO ProcessInvokerWrapper] Updated oom_score_adj to 500 for PID: 4741.
[2024-03-04 21:25:49Z INFO ProcessInvokerWrapper] Process started with process id 4741, waiting for process exit.
[2024-03-04 21:25:49Z INFO ProcessInvokerWrapper] STDOUT/STDERR stream read finished.
[2024-03-04 21:25:49Z INFO ProcessInvokerWrapper] STDOUT/STDERR stream read finished.
[2024-03-04 21:25:49Z INFO ProcessInvokerWrapper] Finished process 4741 with exit code 0, and elapsed time 00:00:00.0058133.
[2024-03-04 21:25:49Z INFO Listener] Runner execution has finished with return code 0
