[2024-03-04 21:25:58Z INFO HostContext] No proxy settings were found based on environmental variables (http_proxy/https_proxy/HTTP_PROXY/HTTPS_PROXY)
[2024-03-04 21:25:58Z INFO HostContext] Well known directory 'Bin': '/home/quaelek/Desktop/actions-runner/bin'
[2024-03-04 21:25:58Z INFO HostContext] Well known directory 'Root': '/home/quaelek/Desktop/actions-runner'
[2024-03-04 21:25:58Z INFO HostContext] Well known config file 'Credentials': '/home/quaelek/Desktop/actions-runner/.credentials'
[2024-03-04 21:25:58Z INFO HostContext] Well known directory 'Bin': '/home/quaelek/Desktop/actions-runner/bin'
[2024-03-04 21:25:58Z INFO HostContext] Well known directory 'Root': '/home/quaelek/Desktop/actions-runner'
[2024-03-04 21:25:58Z INFO HostContext] Well known config file 'Runner': '/home/quaelek/Desktop/actions-runner/.runner'
[2024-03-04 21:25:58Z INFO Listener] Runner is built for Linux (X64) - linux-x64.
[2024-03-04 21:25:58Z INFO Listener] RuntimeInformation: Linux 5.15.0-97-generic #107~20.04.1-Ubuntu SMP Fri Feb 9 14:20:11 UTC 2024.
[2024-03-04 21:25:58Z INFO Listener] Version: 2.313.0
[2024-03-04 21:25:58Z INFO Listener] Commit: d502c4623e5cd140e949f1e644ffe03762bd4151
[2024-03-04 21:25:58Z INFO Listener] Culture: en-US
[2024-03-04 21:25:58Z INFO Listener] UI Culture: en-US
[2024-03-04 21:25:58Z INFO HostContext] Well known directory 'Bin': '/home/quaelek/Desktop/actions-runner/bin'
[2024-03-04 21:25:58Z INFO HostContext] Well known directory 'Root': '/home/quaelek/Desktop/actions-runner'
[2024-03-04 21:25:58Z INFO Listener] Validating directory permissions for: '/home/quaelek/Desktop/actions-runner'
[2024-03-04 21:25:58Z INFO CommandLineParser] Parse
[2024-03-04 21:25:58Z INFO CommandLineParser] Parsing 1 args
[2024-03-04 21:25:58Z INFO CommandLineParser] parsing argument
[2024-03-04 21:25:58Z INFO CommandLineParser] HasArgs: False
[2024-03-04 21:25:58Z INFO CommandLineParser] Adding Command: run
[2024-03-04 21:25:58Z INFO Listener] Arguments parsed
[2024-03-04 21:25:58Z INFO Runner] ExecuteCommand
[2024-03-04 21:25:58Z INFO ConfigurationStore] currentAssemblyLocation: /home/quaelek/Desktop/actions-runner/bin/Runner.Listener.dll
[2024-03-04 21:25:58Z INFO HostContext] Well known directory 'Bin': '/home/quaelek/Desktop/actions-runner/bin'
[2024-03-04 21:25:58Z INFO ConfigurationStore] binPath: /home/quaelek/Desktop/actions-runner/bin
[2024-03-04 21:25:58Z INFO HostContext] Well known directory 'Bin': '/home/quaelek/Desktop/actions-runner/bin'
[2024-03-04 21:25:58Z INFO HostContext] Well known directory 'Root': '/home/quaelek/Desktop/actions-runner'
[2024-03-04 21:25:58Z INFO ConfigurationStore] RootFolder: /home/quaelek/Desktop/actions-runner
[2024-03-04 21:25:58Z INFO HostContext] Well known directory 'Bin': '/home/quaelek/Desktop/actions-runner/bin'
[2024-03-04 21:25:58Z INFO HostContext] Well known directory 'Root': '/home/quaelek/Desktop/actions-runner'
[2024-03-04 21:25:58Z INFO HostContext] Well known config file 'Runner': '/home/quaelek/Desktop/actions-runner/.runner'
[2024-03-04 21:25:58Z INFO ConfigurationStore] ConfigFilePath: /home/quaelek/Desktop/actions-runner/.runner
[2024-03-04 21:25:58Z INFO HostContext] Well known directory 'Bin': '/home/quaelek/Desktop/actions-runner/bin'
[2024-03-04 21:25:58Z INFO HostContext] Well known directory 'Root': '/home/quaelek/Desktop/actions-runner'
[2024-03-04 21:25:58Z INFO HostContext] Well known config file 'Credentials': '/home/quaelek/Desktop/actions-runner/.credentials'
[2024-03-04 21:25:58Z INFO ConfigurationStore] CredFilePath: /home/quaelek/Desktop/actions-runner/.credentials
[2024-03-04 21:25:58Z INFO HostContext] Well known directory 'Bin': '/home/quaelek/Desktop/actions-runner/bin'
[2024-03-04 21:25:58Z INFO HostContext] Well known directory 'Root': '/home/quaelek/Desktop/actions-runner'
[2024-03-04 21:25:58Z INFO HostContext] Well known config file 'MigratedCredentials': '/home/quaelek/Desktop/actions-runner/.credentials_migrated'
[2024-03-04 21:25:58Z INFO ConfigurationStore] MigratedCredFilePath: /home/quaelek/Desktop/actions-runner/.credentials_migrated
[2024-03-04 21:25:58Z INFO HostContext] Well known directory 'Bin': '/home/quaelek/Desktop/actions-runner/bin'
[2024-03-04 21:25:58Z INFO HostContext] Well known directory 'Root': '/home/quaelek/Desktop/actions-runner'
[2024-03-04 21:25:58Z INFO HostContext] Well known config file 'Service': '/home/quaelek/Desktop/actions-runner/.service'
[2024-03-04 21:25:58Z INFO ConfigurationStore] ServiceConfigFilePath: /home/quaelek/Desktop/actions-runner/.service
[2024-03-04 21:25:58Z INFO CommandSettings] Flag 'help': 'False'
[2024-03-04 21:25:58Z INFO CommandSettings] Flag 'version': 'False'
[2024-03-04 21:25:58Z INFO CommandSettings] Flag 'commit': 'False'
[2024-03-04 21:25:58Z INFO CommandSettings] Flag 'check': 'False'
[2024-03-04 21:25:58Z INFO CommandSettings] Command 'configure': 'False'
[2024-03-04 21:25:58Z INFO CommandSettings] Command 'remove': 'False'
[2024-03-04 21:25:58Z INFO CommandSettings] Command 'warmup': 'False'
[2024-03-04 21:25:58Z INFO ConfigurationManager] LoadSettings
[2024-03-04 21:25:58Z INFO ConfigurationStore] IsConfigured()
[2024-03-04 21:25:58Z INFO ConfigurationStore] IsConfigured: True
[2024-03-04 21:25:58Z INFO ConfigurationManager] Is configured: True
[2024-03-04 21:25:58Z INFO ConfigurationStore] Read setting file: 307 chars
[2024-03-04 21:25:58Z INFO ConfigurationManager] Settings Loaded
[2024-03-04 21:25:58Z INFO ConfigurationStore] IsServiceConfigured()
[2024-03-04 21:25:58Z INFO ConfigurationStore] IsServiceConfigured: False
[2024-03-04 21:25:58Z INFO CommandSettings] Command 'run': 'True'
[2024-03-04 21:25:58Z INFO ConfigurationStore] IsConfigured()
[2024-03-04 21:25:58Z INFO ConfigurationStore] IsConfigured: True
[2024-03-04 21:25:58Z INFO ConfigurationManager] Is configured: True
[2024-03-04 21:25:58Z INFO Runner] Could not parse the argument value '' for StartupType. Defaulting to Manual
[2024-03-04 21:25:58Z INFO Runner] Set runner startup type - Manual
[2024-03-04 21:25:58Z INFO CommandSettings] Flag 'once': 'False'
[2024-03-04 21:25:58Z INFO CommandSettings] Flag 'once': 'False'
[2024-03-04 21:25:58Z INFO Runner] RunAsync
[2024-03-04 21:25:58Z INFO ConfigurationManager] LoadSettings
[2024-03-04 21:25:58Z INFO ConfigurationStore] IsConfigured()
[2024-03-04 21:25:58Z INFO ConfigurationStore] IsConfigured: True
[2024-03-04 21:25:58Z INFO ConfigurationManager] Is configured: True
[2024-03-04 21:25:58Z INFO ConfigurationManager] Settings Loaded
[2024-03-04 21:25:58Z INFO MessageListener] {
  "AgentId": 21,
  "AgentName": "Ubuntu",
  "PoolId": 1,
  "PoolName": "Default",
  "ServerUrl": "https://pipelinesghubeus25.actions.githubusercontent.com/Gt1hxExpuyvW4UJwIMhftAvQkluusfVSSykS8qXb8a6lONGbhF/",
  "GitHubUrl": "https://github.com/cu-ecen-aeld/assignment-1-quaelek",
  "WorkFolder": "_work"
}
[2024-03-04 21:25:58Z INFO MessageListener] Loading Credentials
[2024-03-04 21:25:58Z INFO ConfigurationStore] HasCredentials()
[2024-03-04 21:25:58Z INFO ConfigurationStore] stored True
[2024-03-04 21:25:58Z INFO CredentialManager] GetCredentialProvider
[2024-03-04 21:25:58Z INFO CredentialManager] Creating type OAuth
[2024-03-04 21:25:58Z INFO CredentialManager] Creating credential type: OAuth
[2024-03-04 21:25:58Z INFO HostContext] Well known directory 'Bin': '/home/quaelek/Desktop/actions-runner/bin'
[2024-03-04 21:25:58Z INFO HostContext] Well known directory 'Root': '/home/quaelek/Desktop/actions-runner'
[2024-03-04 21:25:58Z INFO HostContext] Well known config file 'RSACredentials': '/home/quaelek/Desktop/actions-runner/.credentials_rsaparams'
[2024-03-04 21:25:58Z INFO RSAFileKeyManager] Loading RSA key parameters from file /home/quaelek/Desktop/actions-runner/.credentials_rsaparams
[2024-03-04 21:25:58Z INFO MessageListener] Attempt to create session.
[2024-03-04 21:25:58Z INFO MessageListener] Connecting to the Runner Server...
[2024-03-04 21:25:58Z INFO RunnerServer] EstablishVssConnection
[2024-03-04 21:25:58Z INFO RunnerServer] Establish connection with 100 seconds timeout.
[2024-03-04 21:25:58Z INFO GitHubActionsService] Starting operation Location.GetConnectionData
[2024-03-04 21:25:58Z INFO RunnerServer] EstablishVssConnection
[2024-03-04 21:25:58Z INFO RunnerServer] Establish connection with 60 seconds timeout.
[2024-03-04 21:25:58Z INFO GitHubActionsService] Starting operation Location.GetConnectionData
[2024-03-04 21:25:58Z INFO RunnerServer] EstablishVssConnection
[2024-03-04 21:25:58Z INFO RunnerServer] Establish connection with 60 seconds timeout.
[2024-03-04 21:25:58Z INFO GitHubActionsService] Starting operation Location.GetConnectionData
[2024-03-04 21:25:59Z INFO GitHubActionsService] Finished operation Location.GetConnectionData
[2024-03-04 21:25:59Z INFO GitHubActionsService] Finished operation Location.GetConnectionData
[2024-03-04 21:25:59Z INFO GitHubActionsService] Finished operation Location.GetConnectionData
[2024-03-04 21:25:59Z INFO MessageListener] VssConnection created
[2024-03-04 21:25:59Z INFO Terminal] WRITE LINE: 
[2024-03-04 21:25:59Z INFO Terminal] WRITE LINE: 
[2024-03-04 21:25:59Z INFO RSAFileKeyManager] Loading RSA key parameters from file /home/quaelek/Desktop/actions-runner/.credentials_rsaparams
[2024-03-04 21:25:59Z INFO RSAFileKeyManager] Loading RSA key parameters from file /home/quaelek/Desktop/actions-runner/.credentials_rsaparams
[2024-03-04 21:25:59Z INFO GitHubActionsService] AAD Correlation ID for this token request: Unknown
[2024-03-04 21:25:59Z INFO MessageListener] Session created.
[2024-03-04 21:25:59Z INFO Terminal] WRITE LINE: Current runner version: '2.313.0'
[2024-03-04 21:25:59Z INFO Terminal] WRITE LINE: 2024-03-04 21:25:59Z: Listening for Jobs
[2024-03-04 21:25:59Z INFO JobDispatcher] Set runner/worker IPC timeout to 30 seconds.
[2024-03-04 21:26:03Z INFO RSAFileKeyManager] Loading RSA key parameters from file /home/quaelek/Desktop/actions-runner/.credentials_rsaparams
[2024-03-04 21:26:03Z INFO MessageListener] Message '1' received from session '15f74820-b91c-4548-830b-d9e82a5c3877'.
[2024-03-04 21:26:03Z INFO Runner] Received job message of length 39458 from service, with hash '048e9cae1d2e8263296c91b35a4abf42dfab5382c939afeb8945ac9261fbc330'
[2024-03-04 21:26:03Z INFO JobDispatcher] Job request 1 for plan 1e2ddab3-36eb-4421-a4c0-f75f53187c9d job a047640a-23da-5e9b-1ef8-917a09b3753a received.
[2024-03-04 21:26:03Z INFO JobDispatcher] Pull OrchestrationId 1e2ddab3-36eb-4421-a4c0-f75f53187c9d.full-test.__default from JWT claims
[2024-03-04 21:26:03Z INFO Terminal] WRITE LINE: 2024-03-04 21:26:03Z: Running job: full-test
[2024-03-04 21:26:03Z INFO JobDispatcher] Start renew job request 1 for job a047640a-23da-5e9b-1ef8-917a09b3753a.
[2024-03-04 21:26:03Z INFO JobDispatcher] Successfully renew job request 1, job is valid till 3/4/2024 9:36:03 PM
[2024-03-04 21:26:03Z INFO HostContext] Well known directory 'Bin': '/home/quaelek/Desktop/actions-runner/bin'
[2024-03-04 21:26:03Z INFO ProcessInvokerWrapper] Starting process:
[2024-03-04 21:26:03Z INFO ProcessInvokerWrapper]   File name: '/home/quaelek/Desktop/actions-runner/bin/Runner.Worker'
[2024-03-04 21:26:03Z INFO ProcessInvokerWrapper]   Arguments: 'spawnclient 106 109'
[2024-03-04 21:26:03Z INFO ProcessInvokerWrapper]   Working directory: '/home/quaelek/Desktop/actions-runner/bin'
[2024-03-04 21:26:03Z INFO ProcessInvokerWrapper]   Require exit code zero: 'False'
[2024-03-04 21:26:03Z INFO ProcessInvokerWrapper]   Encoding web name:  ; code page: ''
[2024-03-04 21:26:03Z INFO ProcessInvokerWrapper]   Force kill process on cancellation: 'True'
[2024-03-04 21:26:03Z INFO ProcessInvokerWrapper]   Redirected STDIN: 'False'
[2024-03-04 21:26:03Z INFO ProcessInvokerWrapper]   Persist current code page: 'False'
[2024-03-04 21:26:03Z INFO ProcessInvokerWrapper]   Keep redirected STDIN open: 'False'
[2024-03-04 21:26:03Z INFO ProcessInvokerWrapper]   High priority process: 'True'
[2024-03-04 21:26:03Z INFO ProcessInvokerWrapper] Process started with process id 4777, waiting for process exit.
[2024-03-04 21:26:03Z INFO JobDispatcher] Send job request message to worker for job a047640a-23da-5e9b-1ef8-917a09b3753a.
[2024-03-04 21:26:03Z INFO ProcessChannel] Sending message of length 39458, with hash '048e9cae1d2e8263296c91b35a4abf42dfab5382c939afeb8945ac9261fbc330'
[2024-03-04 21:26:03Z INFO JobNotification] Entering JobStarted Notification
[2024-03-04 21:26:03Z INFO JobNotification] Entering StartMonitor
[2024-03-04 21:26:07Z INFO ProcessInvokerWrapper] STDOUT/STDERR stream read finished.
[2024-03-04 21:26:07Z INFO ProcessInvokerWrapper] STDOUT/STDERR stream read finished.
[2024-03-04 21:26:07Z INFO ProcessInvokerWrapper] Finished process 4777 with exit code 102, and elapsed time 00:00:04.0557544.
[2024-03-04 21:26:07Z INFO JobDispatcher] Worker finished for job a047640a-23da-5e9b-1ef8-917a09b3753a. Code: 102
[2024-03-04 21:26:07Z INFO JobDispatcher] finish job request for job a047640a-23da-5e9b-1ef8-917a09b3753a with result: Failed
[2024-03-04 21:26:07Z INFO Terminal] WRITE LINE: 2024-03-04 21:26:07Z: Job full-test completed with result: Failed
[2024-03-04 21:26:07Z INFO JobDispatcher] Stop renew job request for job a047640a-23da-5e9b-1ef8-917a09b3753a.
[2024-03-04 21:26:07Z INFO JobDispatcher] job renew has been cancelled, stop renew job request 1.
[2024-03-04 21:26:07Z INFO JobNotification] Entering JobCompleted Notification
[2024-03-04 21:26:07Z INFO JobNotification] Entering EndMonitor
[2024-03-04 21:26:10Z INFO RSAFileKeyManager] Loading RSA key parameters from file /home/quaelek/Desktop/actions-runner/.credentials_rsaparams
[2024-03-04 21:26:10Z INFO MessageListener] Message '2' received from session '15f74820-b91c-4548-830b-d9e82a5c3877'.
[2024-03-04 21:26:10Z INFO Runner] Received job message of length 39456 from service, with hash '2aba45d787b8a0365740a7954b7a8f6f9a663d34a0fff5d56d75aed31f1fc46d'
[2024-03-04 21:26:10Z INFO JobDispatcher] Job request 2 for plan 1e2ddab3-36eb-4421-a4c0-f75f53187c9d job 0e10f8dd-85b5-5bee-19c6-47fc7db6f171 received.
[2024-03-04 21:26:10Z INFO JobDispatcher] Pull OrchestrationId 1e2ddab3-36eb-4421-a4c0-f75f53187c9d.unit-test.__default from JWT claims
[2024-03-04 21:26:10Z INFO JobDispatcher] Job request a047640a-23da-5e9b-1ef8-917a09b3753a processed succeed.
[2024-03-04 21:26:10Z INFO Terminal] WRITE LINE: 2024-03-04 21:26:10Z: Running job: unit-test
[2024-03-04 21:26:10Z INFO JobDispatcher] Start renew job request 2 for job 0e10f8dd-85b5-5bee-19c6-47fc7db6f171.
[2024-03-04 21:26:10Z INFO JobDispatcher] Successfully renew job request 2, job is valid till 3/4/2024 9:36:10 PM
[2024-03-04 21:26:10Z INFO HostContext] Well known directory 'Bin': '/home/quaelek/Desktop/actions-runner/bin'
[2024-03-04 21:26:10Z INFO ProcessInvokerWrapper] Starting process:
[2024-03-04 21:26:10Z INFO ProcessInvokerWrapper]   File name: '/home/quaelek/Desktop/actions-runner/bin/Runner.Worker'
[2024-03-04 21:26:10Z INFO ProcessInvokerWrapper]   Arguments: 'spawnclient 106 109'
[2024-03-04 21:26:10Z INFO ProcessInvokerWrapper]   Working directory: '/home/quaelek/Desktop/actions-runner/bin'
[2024-03-04 21:26:10Z INFO ProcessInvokerWrapper]   Require exit code zero: 'False'
[2024-03-04 21:26:10Z INFO ProcessInvokerWrapper]   Encoding web name:  ; code page: ''
[2024-03-04 21:26:10Z INFO ProcessInvokerWrapper]   Force kill process on cancellation: 'True'
[2024-03-04 21:26:10Z INFO ProcessInvokerWrapper]   Redirected STDIN: 'False'
[2024-03-04 21:26:10Z INFO ProcessInvokerWrapper]   Persist current code page: 'False'
[2024-03-04 21:26:10Z INFO ProcessInvokerWrapper]   Keep redirected STDIN open: 'False'
[2024-03-04 21:26:10Z INFO ProcessInvokerWrapper]   High priority process: 'True'
[2024-03-04 21:26:10Z INFO ProcessInvokerWrapper] Process started with process id 4853, waiting for process exit.
[2024-03-04 21:26:10Z INFO JobDispatcher] Send job request message to worker for job 0e10f8dd-85b5-5bee-19c6-47fc7db6f171.
[2024-03-04 21:26:10Z INFO ProcessChannel] Sending message of length 39456, with hash '2aba45d787b8a0365740a7954b7a8f6f9a663d34a0fff5d56d75aed31f1fc46d'
[2024-03-04 21:26:10Z INFO JobNotification] Entering JobStarted Notification
[2024-03-04 21:26:10Z INFO JobNotification] Entering StartMonitor
[2024-03-04 21:26:14Z INFO ProcessInvokerWrapper] STDOUT/STDERR stream read finished.
[2024-03-04 21:26:14Z INFO ProcessInvokerWrapper] STDOUT/STDERR stream read finished.
[2024-03-04 21:26:14Z INFO ProcessInvokerWrapper] Finished process 4853 with exit code 102, and elapsed time 00:00:03.9025117.
[2024-03-04 21:26:14Z INFO JobDispatcher] Worker finished for job 0e10f8dd-85b5-5bee-19c6-47fc7db6f171. Code: 102
[2024-03-04 21:26:14Z INFO JobDispatcher] finish job request for job 0e10f8dd-85b5-5bee-19c6-47fc7db6f171 with result: Failed
[2024-03-04 21:26:14Z INFO Terminal] WRITE LINE: 2024-03-04 21:26:14Z: Job unit-test completed with result: Failed
[2024-03-04 21:26:14Z INFO JobDispatcher] Stop renew job request for job 0e10f8dd-85b5-5bee-19c6-47fc7db6f171.
[2024-03-04 21:26:14Z INFO JobDispatcher] job renew has been cancelled, stop renew job request 2.
[2024-03-04 21:26:14Z INFO JobNotification] Entering JobCompleted Notification
[2024-03-04 21:26:14Z INFO JobNotification] Entering EndMonitor
